#
# There is insufficient memory for the Java Runtime Environment to continue.
# Native memory allocation (malloc) failed to allocate 32744 bytes for ChunkPool::allocate
# Possible reasons:
#   The system is out of physical RAM or swap space
#   The process is running with CompressedOops enabled, and the Java Heap may be blocking the growth of the native heap
# Possible solutions:
#   Reduce memory load on the system
#   Increase physical memory or swap space
#   Check if swap backing store is full
#   Decrease Java heap size (-Xmx/-Xms)
#   Decrease number of Java threads
#   Decrease Java thread stack sizes (-Xss)
#   Set larger code cache with -XX:ReservedCodeCacheSize=
#   JVM is running with Unscaled Compressed Oops mode in which the Java heap is
#     placed in the first 4GB address space. The Java Heap base address is the
#     maximum limit for the native heap growth. Please use -XX:HeapBaseMinAddress
#     to set the Java Heap base and to place the Java Heap above 4GB virtual address.
# This output file may be truncated or incomplete.
#
#  Out of Memory Error (allocation.cpp:272), pid=10672, tid=0x0000000000002718
#
# JRE version: OpenJDK Runtime Environment (8.0_202-b03) (build 1.8.0_202-release-1483-b03)
# Java VM: OpenJDK 64-Bit Server VM (25.202-b03 mixed mode windows-amd64 compressed oops)
# Failed to write core dump. Minidumps are not enabled by default on client versions of Windows
#

---------------  T H R E A D  ---------------

Current thread (0x00000000162f6000):  JavaThread "C2 CompilerThread1" daemon [_thread_in_native, id=10008, stack(0x0000000017a40000,0x0000000017b40000)]

Stack: [0x0000000017a40000,0x0000000017b40000]
[error occurred during error reporting (printing stack bounds), id 0xc0000005]

Native frames: (J=compiled Java code, j=interpreted, Vv=VM code, C=native code)


Current CompileTask:
C2:  59952 9373       4       sun.reflect.ClassFileAssembler::emitConstantPoolMethodref (28 bytes)


---------------  P R O C E S S  ---------------

Java Threads: ( => current thread )
  0x0000000019c8b800 JavaThread "stdout" [_thread_in_native, id=3344, stack(0x0000000025a70000,0x0000000025b70000)]
  0x0000000019c82800 JavaThread "stderr" [_thread_in_native, id=11420, stack(0x0000000025970000,0x0000000025a70000)]
  0x0000000019c89800 JavaThread "pool-4-thread-1" [_thread_blocked, id=11852, stack(0x0000000025870000,0x0000000025970000)]
  0x0000000019c82000 JavaThread "WorkerExecutor Queue Thread 2" [_thread_blocked, id=6696, stack(0x0000000025770000,0x0000000025870000)]
  0x0000000019c88800 JavaThread "Cache worker for execution history cache (C:\Users\Joshua Theo\AndroidStudioProjects\ProjectRuangDosen\.gradle\5.4.1\executionHistory)" [_thread_blocked, id=6936, stack(0x0000000025570000,0x0000000025670000)]
  0x0000000019c83800 JavaThread "Cache worker for file content cache (C:\Users\Joshua Theo\AndroidStudioProjects\ProjectRuangDosen\.gradle\5.4.1\fileContent)" [_thread_blocked, id=9164, stack(0x0000000024f30000,0x0000000025030000)]
  0x0000000019c85000 JavaThread "Cache worker for file content cache (C:\Users\Joshua Theo\.gradle\caches\5.4.1\fileContent)" [_thread_blocked, id=12424, stack(0x0000000024e30000,0x0000000024f30000)]
  0x00000000190e0800 JavaThread "Cache worker for Build Output Cleanup Cache (C:\Users\Joshua Theo\AndroidStudioProjects\ProjectRuangDosen\.gradle\buildOutputCleanup)" [_thread_blocked, id=3020, stack(0x0000000024d30000,0x0000000024e30000)]
  0x00000000190df000 JavaThread "Build operations Thread 4" [_thread_blocked, id=6200, stack(0x0000000024c30000,0x0000000024d30000)]
  0x00000000190de000 JavaThread "Build operations Thread 3" [_thread_blocked, id=4588, stack(0x0000000023ae0000,0x0000000023be0000)]
  0x00000000190df800 JavaThread "Build operations Thread 2" [_thread_blocked, id=9200, stack(0x00000000239e0000,0x0000000023ae0000)]
  0x00000000190dc800 JavaThread "Build operations" [_thread_blocked, id=8980, stack(0x0000000022090000,0x0000000022190000)]
  0x00000000190dc000 JavaThread "Cache worker for cache directory md-rule (C:\Users\Joshua Theo\.gradle\caches\5.4.1\md-rule)" [_thread_blocked, id=13012, stack(0x0000000020910000,0x0000000020a10000)]
  0x00000000190d6800 JavaThread "Cache worker for cache directory md-supplier (C:\Users\Joshua Theo\.gradle\caches\5.4.1\md-supplier)" [_thread_blocked, id=12568, stack(0x0000000020810000,0x0000000020910000)]
  0x00000000190da800 JavaThread "Cache worker for file hash cache (C:\Users\Joshua Theo\AndroidStudioProjects\ProjectRuangDosen\.gradle\5.4.1\fileHashes)" [_thread_blocked, id=3056, stack(0x000000001fe10000,0x000000001ff10000)]
  0x00000000190d9000 JavaThread "Thread-30" [_thread_blocked, id=3228, stack(0x000000001e900000,0x000000001ea00000)]
  0x00000000190d8000 JavaThread "Stdin handler" [_thread_blocked, id=2932, stack(0x000000001e400000,0x000000001e500000)]
  0x00000000190d9800 JavaThread "Asynchronous log dispatcher for DefaultDaemonConnection: socket connection from /127.0.0.1:50430 to /127.0.0.1:50455" [_thread_blocked, id=1692, stack(0x000000001bb60000,0x000000001bc60000)]
  0x00000000190d2000 JavaThread "Cancel handler" [_thread_blocked, id=11688, stack(0x000000001b760000,0x000000001b860000)]
  0x00000000190d5000 JavaThread "Handler for socket connection from /127.0.0.1:50430 to /127.0.0.1:50455" [_thread_in_native, id=11528, stack(0x000000001b460000,0x000000001b560000)]
  0x00000000190db000 JavaThread "Memory manager" [_thread_blocked, id=7004, stack(0x0000000022e70000,0x0000000022f70000)]
  0x00000000190d6000 JavaThread "Cache worker for execution history cache (C:\Users\Joshua Theo\.gradle\caches\5.4.1\executionHistory)" [_thread_blocked, id=5464, stack(0x000000001ff10000,0x0000000020010000)]
  0x0000000016307800 JavaThread "Cache worker for journal cache (C:\Users\Joshua Theo\.gradle\caches\journal-1)" [_thread_blocked, id=5908, stack(0x000000001be60000,0x000000001bf60000)]
  0x0000000016309000 JavaThread "File lock request listener" [_thread_in_native, id=832, stack(0x000000001bd60000,0x000000001be60000)]
  0x0000000018f58800 JavaThread "Cache worker for file hash cache (C:\Users\Joshua Theo\.gradle\caches\5.4.1\fileHashes)" [_thread_blocked, id=11340, stack(0x000000001bc60000,0x000000001bd60000)]
  0x0000000019b7b800 JavaThread "Daemon worker" [_thread_in_vm, id=6784, stack(0x000000001b860000,0x000000001b960000)]
  0x0000000019744000 JavaThread "Daemon" [_thread_blocked, id=7624, stack(0x000000001b360000,0x000000001b460000)]
  0x0000000019187800 JavaThread "Daemon periodic checks" [_thread_blocked, id=1544, stack(0x000000001b260000,0x000000001b360000)]
  0x0000000019317000 JavaThread "Incoming local TCP Connector on port 50430" [_thread_in_native, id=3364, stack(0x000000001b020000,0x000000001b120000)]
  0x00000000198d5800 JavaThread "Daemon health stats" [_thread_blocked, id=11772, stack(0x000000001a9e0000,0x000000001aae0000)]
  0x0000000017c6a800 JavaThread "Service Thread" daemon [_thread_blocked, id=6312, stack(0x0000000018040000,0x0000000018140000)]
  0x0000000016305000 JavaThread "C1 CompilerThread2" daemon [_thread_in_native, id=7668, stack(0x0000000017b40000,0x0000000017c40000)]
=>0x00000000162f6000 JavaThread "C2 CompilerThread1" daemon [_thread_in_native, id=10008, stack(0x0000000017a40000,0x0000000017b40000)]
  0x00000000162ed000 JavaThread "C2 CompilerThread0" daemon [_thread_in_native, id=12640, stack(0x0000000017940000,0x0000000017a40000)]
  0x00000000162eb800 JavaThread "Attach Listener" daemon [_thread_blocked, id=1488, stack(0x0000000017840000,0x0000000017940000)]
  0x00000000162ea800 JavaThread "Signal Dispatcher" daemon [_thread_blocked, id=5216, stack(0x0000000017740000,0x0000000017840000)]
  0x000000000297b800 JavaThread "Finalizer" daemon [_thread_blocked, id=324, stack(0x0000000017540000,0x0000000017640000)]
  0x0000000002971800 JavaThread "Reference Handler" daemon [_thread_blocked, id=9664, stack(0x0000000017440000,0x0000000017540000)]
  0x0000000002882800 JavaThread "main" [_thread_blocked, id=6876, stack(0x0000000002780000,0x0000000002880000)]

Other Threads:
  0x00000000162b7000 VMThread [stack: 0x0000000017340000,0x0000000017440000] [id=3420]
  0x0000000017c6e800 WatcherThread [stack: 0x0000000018140000,0x0000000018240000] [id=5380]

VM state:not at safepoint (normal execution)

VM Mutex/Monitor currently owned by a thread: None

OutOfMemory and StackOverflow Exception counts:
OutOfMemoryError java_heap_errors=3
OutOfMemoryError metaspace_errors=4

heap address: 0x00000000a0000000, size: 1536 MB, Compressed Oops mode: 32-bit
Narrow klass base: 0x0000000000000000, Narrow klass shift: 3
Compressed class space size: 1073741824 Address: 0x0000000100000000

Heap:
 PSYoungGen      total 259584K, used 6655K [0x00000000e0000000, 0x00000000f1680000, 0x0000000100000000)
  eden space 233984K, 2% used [0x00000000e0000000,0x00000000e067fe60,0x00000000ee480000)
  from space 25600K, 0% used [0x00000000efd80000,0x00000000efd80000,0x00000000f1680000)
  to   space 512K, 0% used [0x00000000ee680000,0x00000000ee680000,0x00000000ee700000)
 ParOldGen       total 125952K, used 31293K [0x00000000a0000000, 0x00000000a7b00000, 0x00000000e0000000)
  object space 125952K, 24% used [0x00000000a0000000,0x00000000a1e8f4a8,0x00000000a7b00000)
 Metaspace       used 69156K, capacity 71448K, committed 72960K, reserved 1112064K
  class space    used 9121K, capacity 9626K, committed 9984K, reserved 1048576K

Card table byte_map: [0x0000000011d40000,0x0000000012050000] byte_map_base: 0x0000000011840000

Marking Bits: (ParMarkBitMap*) 0x00000000617b9f30
 Begin Bits: [0x0000000012650000, 0x0000000013e50000)
 End Bits:   [0x0000000013e50000, 0x0000000015650000)

Polling page: 0x0000000002680000

CodeCache: size=245760Kb used=25738Kb max_used=25779Kb free=220021Kb
 bounds [0x0000000002980000, 0x00000000042d0000, 0x0000000011980000]
 total_blobs=8985 nmethods=8177 adapters=721
 compilation: enabled

Compilation events (10 events):
Event: 59.879 Thread 0x0000000016305000 nmethod 9357 0x00000000032ef710 code [0x00000000032ef880, 0x00000000032efb28]
Event: 59.879 Thread 0x0000000016305000 9358       3       com.google.common.collect.FluentIterable$3$1::get (15 bytes)
Event: 59.879 Thread 0x0000000016305000 nmethod 9358 0x0000000003286950 code [0x0000000003286ac0, 0x0000000003286d08]
Event: 59.879 Thread 0x0000000016305000 9359       3       org.gradle.execution.plan.Node::isComplete (56 bytes)
Event: 59.880 Thread 0x0000000016305000 nmethod 9359 0x0000000003286490 code [0x0000000003286600, 0x00000000032868d0]
Event: 59.881 Thread 0x0000000016305000 9360       3       sun.reflect.AccessorGenerator::emitBoxingContantPoolEntries (1417 bytes)
Event: 59.883 Thread 0x00000000162f6000 nmethod 9355 0x0000000003285d50 code [0x0000000003285ee0, 0x00000000032861b8]
Event: 59.884 Thread 0x00000000162ed000 nmethod 9356 0x00000000032852d0 code [0x0000000003285480, 0x00000000032858d8]
Event: 59.899 Thread 0x00000000162f6000 9373       4       sun.reflect.ClassFileAssembler::emitConstantPoolMethodref (28 bytes)
Event: 59.900 Thread 0x00000000162ed000 9374       4       java.util.jar.Attributes$Name::<init> (48 bytes)

GC Heap History (10 events):
Event: 59.444 GC heap before
{Heap before GC invocations=21 (full 7):
 PSYoungGen      total 248320K, used 0K [0x00000000e0000000, 0x00000000f1680000, 0x0000000100000000)
  eden space 231424K, 0% used [0x00000000e0000000,0x00000000e0000000,0x00000000ee200000)
  from space 16896K, 0% used [0x00000000f0600000,0x00000000f0600000,0x00000000f1680000)
  to   space 24576K, 0% used [0x00000000ee680000,0x00000000ee680000,0x00000000efe80000)
 ParOldGen       total 125952K, used 31305K [0x00000000a0000000, 0x00000000a7b00000, 0x00000000e0000000)
  object space 125952K, 24% used [0x00000000a0000000,0x00000000a1e92748,0x00000000a7b00000)
 Metaspace       used 68990K, capacity 71176K, committed 72832K, reserved 1112064K
  class space    used 9094K, capacity 9538K, committed 9856K, reserved 1048576K
Event: 59.590 GC heap after
Heap after GC invocations=21 (full 7):
 PSYoungGen      total 248320K, used 0K [0x00000000e0000000, 0x00000000f1680000, 0x0000000100000000)
  eden space 231424K, 0% used [0x00000000e0000000,0x00000000e0000000,0x00000000ee200000)
  from space 16896K, 0% used [0x00000000f0600000,0x00000000f0600000,0x00000000f1680000)
  to   space 24576K, 0% used [0x00000000ee680000,0x00000000ee680000,0x00000000efe80000)
 ParOldGen       total 125952K, used 31293K [0x00000000a0000000, 0x00000000a7b00000, 0x00000000e0000000)
  object space 125952K, 24% used [0x00000000a0000000,0x00000000a1e8f7b0,0x00000000a7b00000)
 Metaspace       used 68990K, capacity 71176K, committed 72832K, reserved 1112064K
  class space    used 9094K, capacity 9538K, committed 9856K, reserved 1048576K
}
Event: 59.640 GC heap before
{Heap before GC invocations=22 (full 7):
 PSYoungGen      total 248320K, used 4355K [0x00000000e0000000, 0x00000000f1680000, 0x0000000100000000)
  eden space 231424K, 1% used [0x00000000e0000000,0x00000000e0440fa8,0x00000000ee200000)
  from space 16896K, 0% used [0x00000000f0600000,0x00000000f0600000,0x00000000f1680000)
  to   space 24576K, 0% used [0x00000000ee680000,0x00000000ee680000,0x00000000efe80000)
 ParOldGen       total 125952K, used 31293K [0x00000000a0000000, 0x00000000a7b00000, 0x00000000e0000000)
  object space 125952K, 24% used [0x00000000a0000000,0x00000000a1e8f7b0,0x00000000a7b00000)
 Metaspace       used 69040K, capacity 71236K, committed 72832K, reserved 1112064K
  class space    used 9103K, capacity 9548K, committed 9856K, reserved 1048576K
Event: 59.641 GC heap after
Heap after GC invocations=22 (full 7):
 PSYoungGen      total 234496K, used 224K [0x00000000e0000000, 0x00000000f1680000, 0x0000000100000000)
  eden space 233984K, 0% used [0x00000000e0000000,0x00000000e0000000,0x00000000ee480000)
  from space 512K, 43% used [0x00000000ee680000,0x00000000ee6b8000,0x00000000ee700000)
  to   space 25600K, 0% used [0x00000000efd80000,0x00000000efd80000,0x00000000f1680000)
 ParOldGen       total 125952K, used 31293K [0x00000000a0000000, 0x00000000a7b00000, 0x00000000e0000000)
  object space 125952K, 24% used [0x00000000a0000000,0x00000000a1e8f7b0,0x00000000a7b00000)
 Metaspace       used 69040K, capacity 71236K, committed 72832K, reserved 1112064K
  class space    used 9103K, capacity 9548K, committed 9856K, reserved 1048576K
}
Event: 59.641 GC heap before
{Heap before GC invocations=23 (full 8):
 PSYoungGen      total 234496K, used 224K [0x00000000e0000000, 0x00000000f1680000, 0x0000000100000000)
  eden space 233984K, 0% used [0x00000000e0000000,0x00000000e0000000,0x00000000ee480000)
  from space 512K, 43% used [0x00000000ee680000,0x00000000ee6b8000,0x00000000ee700000)
  to   space 25600K, 0% used [0x00000000efd80000,0x00000000efd80000,0x00000000f1680000)
 ParOldGen       total 125952K, used 31293K [0x00000000a0000000, 0x00000000a7b00000, 0x00000000e0000000)
  object space 125952K, 24% used [0x00000000a0000000,0x00000000a1e8f7b0,0x00000000a7b00000)
 Metaspace       used 69040K, capacity 71236K, committed 72832K, reserved 1112064K
  class space    used 9103K, capacity 9548K, committed 9856K, reserved 1048576K
Event: 59.741 GC heap after
Heap after GC invocations=23 (full 8):
 PSYoungGen      total 234496K, used 0K [0x00000000e0000000, 0x00000000f1680000, 0x0000000100000000)
  eden space 233984K, 0% used [0x00000000e0000000,0x00000000e0000000,0x00000000ee480000)
  from space 512K, 0% used [0x00000000ee680000,0x00000000ee680000,0x00000000ee700000)
  to   space 25600K, 0% used [0x00000000efd80000,0x00000000efd80000,0x00000000f1680000)
 ParOldGen       total 125952K, used 31352K [0x00000000a0000000, 0x00000000a7b00000, 0x00000000e0000000)
  object space 125952K, 24% used [0x00000000a0000000,0x00000000a1e9e140,0x00000000a7b00000)
 Metaspace       used 69040K, capacity 71236K, committed 72832K, reserved 1112064K
  class space    used 9103K, capacity 9548K, committed 9856K, reserved 1048576K
}
Event: 59.742 GC heap before
{Heap before GC invocations=24 (full 8):
 PSYoungGen      total 234496K, used 0K [0x00000000e0000000, 0x00000000f1680000, 0x0000000100000000)
  eden space 233984K, 0% used [0x00000000e0000000,0x00000000e0000000,0x00000000ee480000)
  from space 512K, 0% used [0x00000000ee680000,0x00000000ee680000,0x00000000ee700000)
  to   space 25600K, 0% used [0x00000000efd80000,0x00000000efd80000,0x00000000f1680000)
 ParOldGen       total 125952K, used 31352K [0x00000000a0000000, 0x00000000a7b00000, 0x00000000e0000000)
  object space 125952K, 24% used [0x00000000a0000000,0x00000000a1e9e140,0x00000000a7b00000)
 Metaspace       used 69040K, capacity 71236K, committed 72832K, reserved 1112064K
  class space    used 9103K, capacity 9548K, committed 9856K, reserved 1048576K
Event: 59.743 GC heap after
Heap after GC invocations=24 (full 8):
 PSYoungGen      total 259584K, used 0K [0x00000000e0000000, 0x00000000f1680000, 0x0000000100000000)
  eden space 233984K, 0% used [0x00000000e0000000,0x00000000e0000000,0x00000000ee480000)
  from space 25600K, 0% used [0x00000000efd80000,0x00000000efd80000,0x00000000f1680000)
  to   space 512K, 0% used [0x00000000ee680000,0x00000000ee680000,0x00000000ee700000)
 ParOldGen       total 125952K, used 31352K [0x00000000a0000000, 0x00000000a7b00000, 0x00000000e0000000)
  object space 125952K, 24% used [0x00000000a0000000,0x00000000a1e9e140,0x00000000a7b00000)
 Metaspace       used 69040K, capacity 71236K, committed 72832K, reserved 1112064K
  class space    used 9103K, capacity 9548K, committed 9856K, reserved 1048576K
}
Event: 59.743 GC heap before
{Heap before GC invocations=25 (full 9):
 PSYoungGen      total 259584K, used 0K [0x00000000e0000000, 0x00000000f1680000, 0x0000000100000000)
  eden space 233984K, 0% used [0x00000000e0000000,0x00000000e0000000,0x00000000ee480000)
  from space 25600K, 0% used [0x00000000efd80000,0x00000000efd80000,0x00000000f1680000)
  to   space 512K, 0% used [0x00000000ee680000,0x00000000ee680000,0x00000000ee700000)
 ParOldGen       total 125952K, used 31352K [0x00000000a0000000, 0x00000000a7b00000, 0x00000000e0000000)
  object space 125952K, 24% used [0x00000000a0000000,0x00000000a1e9e140,0x00000000a7b00000)
 Metaspace       used 69040K, capacity 71236K, committed 72832K, reserved 1112064K
  class space    used 9103K, capacity 9548K, committed 9856K, reserved 1048576K
Event: 59.878 GC heap after
Heap after GC invocations=25 (full 9):
 PSYoungGen      total 259584K, used 0K [0x00000000e0000000, 0x00000000f1680000, 0x0000000100000000)
  eden space 233984K, 0% used [0x00000000e0000000,0x00000000e0000000,0x00000000ee480000)
  from space 25600K, 0% used [0x00000000efd80000,0x00000000efd80000,0x00000000f1680000)
  to   space 512K, 0% used [0x00000000ee680000,0x00000000ee680000,0x00000000ee700000)
 ParOldGen       total 125952K, used 31293K [0x00000000a0000000, 0x00000000a7b00000, 0x00000000e0000000)
  object space 125952K, 24% used [0x00000000a0000000,0x00000000a1e8f4a8,0x00000000a7b00000)
 Metaspace       used 69002K, capacity 71176K, committed 72832K, reserved 1112064K
  class space    used 9097K, capacity 9538K, committed 9856K, reserved 1048576K
}

Deoptimization events (10 events):
Event: 59.884 Thread 0x0000000019b7b800 Uncommon trap: reason=unstable_if action=reinterpret pc=0x00000000035fe340 method=java.lang.ref.SoftReference.get()Ljava/lang/Object; @ 6
Event: 59.886 Thread 0x00000000190d9000 Uncommon trap: reason=unstable_if action=reinterpret pc=0x0000000003896770 method=java.io.ObjectOutputStream$BlockDataOutputStream.writeBytes(Ljava/lang/String;)V @ 22
Event: 59.890 Thread 0x0000000019b7b800 Uncommon trap: reason=uninitialized action=reinterpret pc=0x00000000041ff768 method=org.gradle.internal.dispatch.ReflectionDispatch.dispatch(Lorg/gradle/internal/dispatch/MethodInvocation;)V @ 28
Event: 59.891 Thread 0x0000000019b7b800 Uncommon trap: reason=unstable_if action=reinterpret pc=0x00000000031aa0f8 method=java.util.regex.Matcher.appendReplacement(Ljava/lang/StringBuffer;Ljava/lang/String;)Ljava/util/regex/Matcher; @ 96
Event: 59.891 Thread 0x0000000019b7b800 Uncommon trap: reason=unstable_if action=reinterpret pc=0x0000000002a8eccc method=java.lang.ref.SoftReference.get()Ljava/lang/Object; @ 6
Event: 59.897 Thread 0x0000000019b7b800 Uncommon trap: reason=bimorphic action=maybe_recompile pc=0x0000000002e7588c method=java.util.Collections$SetFromMap.contains(Ljava/lang/Object;)Z @ 5
Event: 59.897 Thread 0x0000000019b7b800 Uncommon trap: reason=bimorphic action=maybe_recompile pc=0x0000000002e7588c method=java.util.Collections$SetFromMap.contains(Ljava/lang/Object;)Z @ 5
Event: 59.897 Thread 0x0000000019b7b800 Uncommon trap: reason=bimorphic action=maybe_recompile pc=0x0000000002e7588c method=java.util.Collections$SetFromMap.contains(Ljava/lang/Object;)Z @ 5
Event: 59.898 Thread 0x00000000190d9000 Uncommon trap: reason=unstable_if action=reinterpret pc=0x00000000033d1840 method=java.io.ObjectOutputStream$BlockDataOutputStream.writeBytes(Ljava/lang/String;)V @ 22
Event: 59.899 Thread 0x0000000019b7b800 Uncommon trap: reason=unstable_if action=reinterpret pc=0x0000000003eb54b0 method=org.gradle.internal.serialize.ExceptionReplacingObjectOutputStream.doReplaceObject(Ljava/lang/Object;)Ljava/lang/Object; @ 4

Classes redefined (0 events):
No events

Internal exceptions (10 events):
Event: 59.884 Thread 0x00000000190d9000 Exception <a 'java/lang/NoSuchMethodError': <clinit>> (0x00000000e0065468) thrown at [D:\src\AOSP-openjdk-cygwin\jdk8u\hotspot\src\share\vm\prims\jni.cpp, line 1614]
Event: 59.884 Thread 0x00000000190d9000 Exception <a 'java/lang/NoSuchMethodError': <clinit>> (0x00000000e00672f8) thrown at [D:\src\AOSP-openjdk-cygwin\jdk8u\hotspot\src\share\vm\prims\jni.cpp, line 1614]
Event: 59.885 Thread 0x00000000190d9000 Exception <a 'java/lang/NoSuchMethodError': <clinit>> (0x00000000e05993b8) thrown at [D:\src\AOSP-openjdk-cygwin\jdk8u\hotspot\src\share\vm\prims\jni.cpp, line 1614]
Event: 59.885 Thread 0x00000000190d9000 Exception <a 'java/lang/NoSuchMethodError': <clinit>> (0x00000000e05a4828) thrown at [D:\src\AOSP-openjdk-cygwin\jdk8u\hotspot\src\share\vm\prims\jni.cpp, line 1614]
Event: 59.885 Thread 0x00000000190d9000 Exception <a 'java/lang/NoSuchMethodError': <clinit>> (0x00000000e05af770) thrown at [D:\src\AOSP-openjdk-cygwin\jdk8u\hotspot\src\share\vm\prims\jni.cpp, line 1614]
Event: 59.886 Thread 0x00000000190d9000 Exception <a 'java/lang/NoSuchMethodError': <clinit>> (0x00000000e05bf020) thrown at [D:\src\AOSP-openjdk-cygwin\jdk8u\hotspot\src\share\vm\prims\jni.cpp, line 1614]
Event: 59.886 Thread 0x00000000190d9000 Exception <a 'java/lang/NoSuchMethodError': <clinit>> (0x00000000e05c0380) thrown at [D:\src\AOSP-openjdk-cygwin\jdk8u\hotspot\src\share\vm\prims\jni.cpp, line 1614]
Event: 59.888 Thread 0x0000000019b7b800 Exception <a 'sun/nio/fs/WindowsException'> (0x00000000e01e6e70) thrown at [D:\src\AOSP-openjdk-cygwin\jdk8u\hotspot\src\share\vm\prims\jni.cpp, line 710]
Event: 59.890 Thread 0x0000000019b7b800 Exception <a 'java/lang/OutOfMemoryError': unable to create new native thread> (0x00000000e01fa890) thrown at [D:\src\AOSP-openjdk-cygwin\jdk8u\hotspot\src\share\vm\prims\jvm.cpp, line 3147]
Event: 59.891 Thread 0x0000000019b7b800 Implicit null exception at 0x0000000002a8e965 to 0x0000000002a8ecb1

Events (10 events):
Event: 59.899 Thread 0x0000000019b7b800 DEOPT PACKING pc=0x0000000003eb54b0 sp=0x000000001b95d450
Event: 59.899 Thread 0x0000000019b7b800 DEOPT UNPACKING pc=0x00000000029c557b sp=0x000000001b95d340 mode 2
Event: 59.900 loading class org/gradle/internal/serialize/ContextualPlaceholderException
Event: 59.900 loading class org/gradle/internal/serialize/ContextualPlaceholderException done
Event: 59.900 loading class org/gradle/internal/serialize/PlaceholderException
Event: 59.900 loading class org/gradle/internal/serialize/PlaceholderException done
Event: 59.900 loading class org/gradle/internal/serialize/ExceptionReplacingObjectOutputStream$2
Event: 59.900 loading class org/gradle/internal/serialize/ExceptionReplacingObjectOutputStream$2 done
Event: 59.901 loading class org/gradle/internal/serialize/ExceptionPlaceholder$1
Event: 59.901 loading class org/gradle/internal/serialize/ExceptionPlaceholder$1 done


Dynamic libraries:
0x00007ff7408f0000 - 0x00007ff740921000 	C:\Program Files\Android\Android Studio\jre\bin\java.exe
0x00007ffd91560000 - 0x00007ffd91750000 	C:\WINDOWS\SYSTEM32\ntdll.dll
0x00007ffd8fab0000 - 0x00007ffd8fb62000 	C:\WINDOWS\System32\KERNEL32.DLL
0x00007ffd8e710000 - 0x00007ffd8e9b3000 	C:\WINDOWS\System32\KERNELBASE.dll
0x00007ffd90570000 - 0x00007ffd90613000 	C:\WINDOWS\System32\ADVAPI32.dll
0x00007ffd90190000 - 0x00007ffd9022e000 	C:\WINDOWS\System32\msvcrt.dll
0x00007ffd8fe40000 - 0x00007ffd8fed7000 	C:\WINDOWS\System32\sechost.dll
0x00007ffd8f920000 - 0x00007ffd8fa40000 	C:\WINDOWS\System32\RPCRT4.dll
0x00007ffd8fff0000 - 0x00007ffd90184000 	C:\WINDOWS\System32\USER32.dll
0x00007ffd8ebb0000 - 0x00007ffd8ebd1000 	C:\WINDOWS\System32\win32u.dll
0x00007ffd90c50000 - 0x00007ffd90c76000 	C:\WINDOWS\System32\GDI32.dll
0x00007ffd8ea10000 - 0x00007ffd8eba4000 	C:\WINDOWS\System32\gdi32full.dll
0x00007ffd8e4f0000 - 0x00007ffd8e58e000 	C:\WINDOWS\System32\msvcp_win.dll
0x00007ffd8e590000 - 0x00007ffd8e68a000 	C:\WINDOWS\System32\ucrtbase.dll
0x00007ffd7fa90000 - 0x00007ffd7fd15000 	C:\WINDOWS\WinSxS\amd64_microsoft.windows.common-controls_6595b64144ccf1df_6.0.18362.535_none_e6c3b34713100821\COMCTL32.dll
0x00007ffd90230000 - 0x00007ffd90566000 	C:\WINDOWS\System32\combase.dll
0x00007ffd8e690000 - 0x00007ffd8e710000 	C:\WINDOWS\System32\bcryptPrimitives.dll
0x00007ffd8f610000 - 0x00007ffd8f63e000 	C:\WINDOWS\System32\IMM32.DLL
0x0000000060ca0000 - 0x0000000060d72000 	C:\Program Files\Android\Android Studio\jre\jre\bin\msvcr100.dll
0x0000000060ff0000 - 0x0000000061836000 	C:\Program Files\Android\Android Studio\jre\jre\bin\server\jvm.dll
0x00007ffd90c40000 - 0x00007ffd90c48000 	C:\WINDOWS\System32\PSAPI.DLL
0x00007ffd8c070000 - 0x00007ffd8c094000 	C:\WINDOWS\SYSTEM32\WINMM.dll
0x00007ffd82b40000 - 0x00007ffd82b4a000 	C:\WINDOWS\SYSTEM32\VERSION.dll
0x00007ffd8abf0000 - 0x00007ffd8abf9000 	C:\WINDOWS\SYSTEM32\WSOCK32.dll
0x00007ffd8fa40000 - 0x00007ffd8faaf000 	C:\WINDOWS\System32\WS2_32.dll
0x00007ffd8c040000 - 0x00007ffd8c06d000 	C:\WINDOWS\SYSTEM32\WINMMBASE.dll
0x00007ffd8f5c0000 - 0x00007ffd8f60a000 	C:\WINDOWS\System32\cfgmgr32.dll
0x00007ffd7bf90000 - 0x00007ffd7bf9f000 	C:\Program Files\Android\Android Studio\jre\jre\bin\verify.dll
0x00007ffd67cd0000 - 0x00007ffd67cf9000 	C:\Program Files\Android\Android Studio\jre\jre\bin\java.dll
0x00007ffd5ec20000 - 0x00007ffd5ec36000 	C:\Program Files\Android\Android Studio\jre\jre\bin\zip.dll
0x00007ffd90c80000 - 0x00007ffd91365000 	C:\WINDOWS\System32\SHELL32.dll
0x00007ffd8fd90000 - 0x00007ffd8fe39000 	C:\WINDOWS\System32\shcore.dll
0x00007ffd8ecf0000 - 0x00007ffd8f46f000 	C:\WINDOWS\System32\windows.storage.dll
0x00007ffd8e4d0000 - 0x00007ffd8e4ef000 	C:\WINDOWS\System32\profapi.dll
0x00007ffd8e440000 - 0x00007ffd8e48a000 	C:\WINDOWS\System32\powrprof.dll
0x00007ffd8e430000 - 0x00007ffd8e440000 	C:\WINDOWS\System32\UMPDC.dll
0x00007ffd90be0000 - 0x00007ffd90c32000 	C:\WINDOWS\System32\shlwapi.dll
0x00007ffd8e490000 - 0x00007ffd8e4a1000 	C:\WINDOWS\System32\kernel.appcore.dll
0x00007ffd8e9c0000 - 0x00007ffd8e9d7000 	C:\WINDOWS\System32\cryptsp.dll
0x00007ffd59fb0000 - 0x00007ffd59fca000 	C:\Program Files\Android\Android Studio\jre\jre\bin\net.dll
0x00007ffd8dc40000 - 0x00007ffd8dca7000 	C:\WINDOWS\system32\mswsock.dll
0x00007ffd57f20000 - 0x00007ffd57f31000 	C:\Program Files\Android\Android Studio\jre\jre\bin\nio.dll
0x00007ffd349a0000 - 0x00007ffd349c6000 	C:\Users\Joshua Theo\.gradle\native\29\windows-amd64\native-platform.dll
0x00007ffd737e0000 - 0x00007ffd737ed000 	C:\Program Files\Android\Android Studio\jre\jre\bin\management.dll
0x00007ffd8d7b0000 - 0x00007ffd8d7e3000 	C:\WINDOWS\system32\rsaenh.dll
0x00007ffd8e9e0000 - 0x00007ffd8ea06000 	C:\WINDOWS\System32\bcrypt.dll
0x00007ffd8e320000 - 0x00007ffd8e345000 	C:\WINDOWS\SYSTEM32\USERENV.dll
0x00007ffd8de10000 - 0x00007ffd8de1c000 	C:\WINDOWS\SYSTEM32\CRYPTBASE.dll
0x00007ffd8d950000 - 0x00007ffd8d98a000 	C:\WINDOWS\SYSTEM32\IPHLPAPI.DLL
0x00007ffd8fcd0000 - 0x00007ffd8fcd8000 	C:\WINDOWS\System32\NSI.dll
0x00007ffd826d0000 - 0x00007ffd826e6000 	C:\WINDOWS\SYSTEM32\dhcpcsvc6.DLL
0x00007ffd82930000 - 0x00007ffd8294c000 	C:\WINDOWS\SYSTEM32\dhcpcsvc.DLL
0x00007ffd8d990000 - 0x00007ffd8da5a000 	C:\WINDOWS\SYSTEM32\DNSAPI.dll

VM Arguments:
jvm_args: -Xmx1536m -Dfile.encoding=windows-1252 -Duser.country=US -Duser.language=en -Duser.variant 
java_command: org.gradle.launcher.daemon.bootstrap.GradleDaemon 5.4.1
java_class_path (initial): C:\Users\Joshua Theo\.gradle\wrapper\dists\gradle-5.4.1-all\3221gyojl5jsh0helicew7rwx\gradle-5.4.1\lib\gradle-launcher-5.4.1.jar
Launcher Type: SUN_STANDARD

Environment Variables:
JAVA_HOME=C:\Program Files\Java\jdk1.8.0_202\bin
USERNAME=Joshua Theo
OS=Windows_NT
PROCESSOR_IDENTIFIER=Intel64 Family 6 Model 158 Stepping 9, GenuineIntel



---------------  S Y S T E M  ---------------

OS: Windows 10.0 , 64 bit Build 18362 (10.0.18362.329)

CPU:total 4 (initial active 4) (4 cores per cpu, 1 threads per core) family 6 model 158 stepping 9, cmov, cx8, fxsr, mmx, sse, sse2, sse3, ssse3, sse4.1, sse4.2, popcnt, avx, avx2, aes, clmul, erms, 3dnowpref, lzcnt, tsc, tscinvbit, bmi1, bmi2, adx

Memory: 4k page, physical 6181028k(875380k free), swap 25055396k(0k free)

vm_info: OpenJDK 64-Bit Server VM (25.202-b03) for windows-amd64 JRE (1.8.0_202-release-1483-b03), built by "builder" with MS VC++ 10.0 (VS2010)

time: Mon Dec 16 20:43:10 2019
timezone: SE Asia Standard Time
elapsed time: 59 seconds (0d 0h 0m 59s)

