JvmtiExport can_access_local_variables 0
JvmtiExport can_hotswap_or_post_breakpoint 0
JvmtiExport can_post_on_exceptions 0
# 114 ciObject found
ciMethod java/lang/System arraycopy (Ljava/lang/Object;ILjava/lang/Object;II)V 5121 1 640 0 -1
ciMethod sun/reflect/ByteVector add (B)V 0 0 1 0 -1
ciMethod sun/reflect/ByteVectorImpl add (B)V 4097 1 5861 0 160
ciMethod sun/reflect/ByteVectorImpl resize (I)V 33 1 1194 0 0
ciMethod sun/reflect/ClassFileAssembler emitShort (S)V 2057 1 36777 0 512
ciMethod sun/reflect/ClassFileAssembler emitByte (B)V 4097 1 146314 0 224
ciMethod sun/reflect/ClassFileAssembler emitConstantPoolMethodref (SS)V 2201 1 6437 0 -1
ciMethodData sun/reflect/ClassFileAssembler emitByte (B)V 2 146314 orig 264 8 206 89 97 0 0 0 0 32 236 188 26 0 0 0 0 128 1 0 0 0 0 0 0 0 0 0 0 0 0 0 0 0 0 0 0 0 0 0 0 0 0 0 0 0 0 0 0 0 0 0 0 0 0 0 0 0 0 0 0 0 0 0 0 0 0 0 0 0 0 0 0 0 0 0 0 0 0 0 0 77 68 79 32 101 120 116 114 97 32 100 97 116 97 32 108 111 99 107 0 0 0 0 0 0 0 0 0 0 0 0 0 0 0 0 0 0 0 0 0 0 0 0 0 0 0 0 0 0 0 0 0 0 0 0 0 0 0 0 0 0 0 0 0 0 0 0 0 0 0 0 0 0 0 0 0 0 0 0 0 0 0 0 0 0 0 0 0 0 0 0 0 0 0 0 0 0 0 0 0 0 0 0 0 0 0 0 0 0 0 0 0 0 0 0 0 0 0 0 0 0 0 0 0 0 0 0 0 0 0 0 0 0 0 0 0 0 2 0 0 81 204 17 0 1 0 0 0 0 0 0 0 0 0 0 0 2 0 0 0 0 0 3 0 2 0 0 0 48 0 0 0 255 255 255 255 5 0 5 0 0 0 0 0 data 6 0x50005 0x0 0x1a2b2970 0x2398a 0x0 0x0 oops 1 2 sun/reflect/ByteVectorImpl
ciMethodData sun/reflect/ByteVectorImpl add (B)V 2 5861 orig 264 8 206 89 97 0 0 0 0 152 216 188 26 0 0 0 0 88 1 0 0 0 0 0 0 0 0 0 0 0 0 0 0 0 0 0 0 0 0 0 0 0 0 0 0 0 0 0 0 0 0 0 0 0 0 0 0 0 0 0 0 0 0 0 0 0 0 0 0 0 0 0 0 0 0 0 0 0 0 0 0 77 68 79 32 101 120 116 114 97 32 100 97 116 97 32 108 111 99 107 0 0 0 0 0 0 0 0 0 0 0 0 0 0 0 0 0 0 0 0 0 0 0 0 0 0 0 0 0 0 0 0 0 0 0 0 0 0 0 0 0 0 0 0 0 0 0 0 0 0 0 0 0 0 0 0 0 0 0 0 0 0 0 0 0 0 0 0 0 0 0 0 0 0 0 0 0 0 0 0 0 0 0 0 0 0 0 0 0 0 0 0 0 0 0 0 0 0 0 0 0 0 0 0 0 0 0 0 0 0 0 0 0 0 0 0 0 0 2 0 0 41 167 0 0 1 0 0 0 0 0 0 0 0 0 0 0 2 0 0 0 0 0 6 0 2 0 0 0 48 0 0 0 255 255 255 255 7 0 16 0 0 0 0 0 data 6 0x100007 0x14d8 0x30 0xd 0x180002 0xd oops 0
ciMethodData sun/reflect/ClassFileAssembler emitShort (S)V 2 36873 orig 264 8 206 89 97 0 0 0 0 208 234 188 26 0 0 0 0 176 1 0 0 0 0 0 0 0 0 0 0 0 0 0 0 0 0 0 0 0 0 0 0 0 0 0 0 0 0 0 0 0 0 0 0 0 0 0 0 0 0 0 0 0 0 0 0 0 0 0 0 0 0 0 0 0 0 0 0 0 0 0 0 77 68 79 32 101 120 116 114 97 32 100 97 116 97 32 108 111 99 107 0 0 0 0 0 0 0 0 0 0 0 0 0 0 0 0 0 0 0 0 0 0 0 0 0 0 0 0 0 0 0 0 0 0 0 0 0 0 0 0 0 0 0 0 0 0 0 0 0 0 0 0 0 0 0 0 0 0 0 0 0 0 0 0 0 0 0 0 0 0 0 0 0 0 0 0 0 0 0 0 0 0 0 0 0 0 0 0 0 0 0 0 0 0 0 0 0 0 0 0 0 0 0 0 0 0 0 0 0 0 0 0 0 0 0 0 0 1 1 0 0 65 120 4 0 1 0 0 0 0 0 0 0 0 0 0 0 2 0 0 0 0 0 3 0 2 0 0 0 96 0 0 0 255 255 255 255 5 0 10 0 0 0 0 0 data 12 0xa0005 0x0 0x1a2aeea0 0x8f08 0x0 0x0 0x140005 0x0 0x1a2aeea0 0x8f08 0x0 0x0 oops 2 2 sun/reflect/ClassFileAssembler 8 sun/reflect/ClassFileAssembler
ciMethodData sun/reflect/ClassFileAssembler emitConstantPoolMethodref (SS)V 2 6437 orig 264 8 206 89 97 0 0 0 0 144 241 188 26 0 0 0 0 232 1 0 0 0 0 0 0 0 0 0 0 0 0 0 0 0 0 0 0 0 0 0 0 0 0 0 0 0 0 0 0 0 0 0 0 0 0 0 0 0 0 0 0 0 0 0 0 0 0 0 0 0 0 0 0 0 0 0 0 0 0 0 0 77 68 79 32 101 120 116 114 97 32 100 97 116 97 32 108 111 99 107 0 0 0 0 0 0 0 0 0 0 0 0 0 0 0 0 0 0 0 0 0 0 0 0 0 0 0 0 0 0 0 0 0 0 0 0 0 0 0 0 0 0 0 0 0 0 0 0 0 0 0 0 0 0 0 0 0 0 0 0 0 0 0 0 0 0 0 0 0 0 0 0 0 0 0 0 0 0 0 0 0 0 0 0 0 0 0 0 0 0 0 0 0 0 0 0 0 0 0 0 0 0 0 0 0 0 0 0 0 0 0 0 0 0 0 0 0 19 1 0 0 145 192 0 0 1 0 0 0 0 0 0 0 0 0 0 0 2 0 0 0 0 0 3 0 2 0 0 0 144 0 0 0 255 255 255 255 5 0 3 0 0 0 0 0 data 18 0x30005 0x0 0x1a2aeea0 0x1812 0x0 0x0 0x80005 0x0 0x1a2aeea0 0x1812 0x0 0x0 0xd0005 0x0 0x1a2aeea0 0x1812 0x0 0x0 oops 3 2 sun/reflect/ClassFileAssembler 8 sun/reflect/ClassFileAssembler 14 sun/reflect/ClassFileAssembler
instanceKlass org/gradle/internal/serialize/ExceptionReplacingObjectOutputStream$2
instanceKlass org/gradle/internal/buildevents/BuildExceptionReporter$2
instanceKlass org/gradle/internal/logging/text/BufferingStyledTextOutput$ChangeStyleAction
instanceKlass org/gradle/internal/logging/text/BufferingStyledTextOutput$1
instanceKlass org/gradle/internal/buildevents/BuildExceptionReporter$FailureDetails
instanceKlass com/android/build/gradle/internal/workeractions/WorkerActionServiceRegistry$shutdownAllRegisteredServices$1$1
instanceKlass org/apache/groovy/util/SystemUtil
instanceKlass org/codehaus/groovy/runtime/StackTraceUtils
instanceKlass org/gradle/internal/exceptions/Contextual
instanceKlass com/google/common/collect/SortedIterables
instanceKlass org/gradle/internal/execution/steps/CatchExceptionStep$1
instanceKlass java/lang/Throwable$PrintStreamOrWriter
instanceKlass org/gradle/tooling/internal/provider/events/DefaultFailure
instanceKlass org/gradle/tooling/internal/protocol/InternalFailure
instanceKlass com/android/builder/internal/aapt/v2/Aapt2ExceptionKt
instanceKlass com/android/builder/internal/aapt/v2/Aapt2Exception$Companion
instanceKlass com/android/builder/internal/aapt/v2/AaptV2CommandBuilder$$special$$inlined$sortedBy$1
instanceKlass com/android/builder/internal/aapt/v2/Aapt2DaemonImpl$WaitForTaskCompletion$Result
instanceKlass com/android/builder/internal/aapt/AaptUtils$$Lambda$421
instanceKlass com/google/common/collect/AbstractIterator$1
instanceKlass com/android/builder/internal/aapt/AaptUtils$$Lambda$420
instanceKlass com/android/builder/internal/aapt/AaptUtils$$Lambda$419
instanceKlass com/android/builder/internal/aapt/AaptUtils
instanceKlass kotlin/comparisons/ComparisonsKt__ComparisonsKt
instanceKlass com/android/builder/internal/aapt/v2/AaptV2CommandBuilder$makeLinkCommand$$inlined$sortedBy$1
instanceKlass com/android/builder/internal/aapt/v2/AaptV2CommandBuilder
instanceKlass com/android/builder/internal/aapt/v2/Aapt2DaemonUtil
instanceKlass com/android/builder/internal/aapt/v2/Aapt2DaemonImpl$WaitForTaskCompletion
instanceKlass com/android/utils/GrabProcessOutput
instanceKlass java/lang/ProcessImpl$2
instanceKlass java/lang/ProcessBuilder
instanceKlass com/android/builder/internal/aapt/v2/Aapt2DaemonImpl$WaitForReadyOnStdOut
instanceKlass com/android/builder/internal/aapt/v2/Aapt2Daemon$WhenMappings
instanceKlass com/android/build/gradle/internal/res/Aapt2ProcessResourcesRunnableKt
instanceKlass com/android/builder/internal/aapt/AaptPackageConfig
instanceKlass com/android/builder/internal/aapt/v2/Aapt2DaemonManager$LeasedAaptDaemon
instanceKlass com/android/build/gradle/internal/res/namespaced/Aapt2DaemonManagerMaintainer$firstDaemonStarted$2
instanceKlass com/android/build/gradle/internal/res/namespaced/Aapt2DaemonManagerService$sam$java_lang_Runnable$0
instanceKlass com/android/builder/internal/aapt/v2/Aapt2DaemonManager$LeasableAaptDaemon
instanceKlass com/android/builder/internal/aapt/v2/Aapt2DaemonImpl$processOutput$1
instanceKlass com/android/builder/internal/aapt/v2/Aapt2DaemonImpl$NoOutputExpected
instanceKlass com/android/utils/GrabProcessOutput$IProcessOutput
instanceKlass com/android/builder/internal/aapt/v2/Aapt2Daemon
instanceKlass com/android/builder/internal/aapt/v2/Aapt2
instanceKlass com/android/builder/internal/aapt/AaptPackageConfig$Builder
instanceKlass java/util/Spliterators$1Adapter
instanceKlass java/nio/file/Files$$Lambda$418
instanceKlass java/nio/file/Files$2
instanceKlass com/android/build/gradle/internal/res/LinkApplicationAndroidResourcesTask$AaptSplitInvoker$Companion
instanceKlass java/lang/FunctionalInterface
instanceKlass com/android/build/gradle/internal/tasks/Workers$DirectWorkerExecutor
instanceKlass com/android/build/gradle/internal/scope/ApkData$$Lambda$417
instanceKlass com/android/build/gradle/internal/scope/ApkData$$Lambda$416
instanceKlass org/gradle/workers/internal/DefaultWorkerServer
instanceKlass org/gradle/workers/internal/AbstractWorker$Details
instanceKlass org/gradle/workers/internal/AbstractWorker$1
instanceKlass org/gradle/workers/internal/WorkerProtocol
instanceKlass org/gradle/workers/internal/NoIsolationWorkerFactory$1$1
instanceKlass org/gradle/workers/internal/AbstractWorker$Result
instanceKlass org/gradle/workers/internal/ExecuteWorkItemBuildOperationType$Result
instanceKlass org/gradle/workers/internal/AbstractWorker$Work
instanceKlass org/gradle/workers/internal/AbstractWorker
instanceKlass org/gradle/workers/internal/DefaultWorkerExecutor$3
instanceKlass org/gradle/internal/work/DefaultConditionalExecutionQueue$ExecutionRunner$1
instanceKlass org/gradle/internal/work/DefaultAsyncWorkTracker$1
instanceKlass org/gradle/internal/work/DefaultConditionalExecutionQueue$ExecutionRunner
instanceKlass org/gradle/workers/internal/DefaultWorkerExecutor$LazyChildWorkerLeaseLock
instanceKlass org/gradle/workers/internal/DefaultWorkerExecutor$1
instanceKlass org/gradle/internal/work/AbstractConditionalExecution
instanceKlass org/gradle/process/internal/DefaultExecActionFactory$ImmutableJavaForkOptions
instanceKlass org/gradle/workers/internal/DaemonForkOptionsBuilder
instanceKlass org/gradle/workers/internal/DefaultWorkerExecutor$2
instanceKlass org/gradle/workers/internal/SerializingActionExecutionSpec
instanceKlass com/android/build/gradle/internal/tasks/Workers$WhenMappings
instanceKlass com/android/build/gradle/internal/tasks/Workers$WorkerExecutorAdapter$submit$1
instanceKlass com/android/build/gradle/internal/tasks/Workers$ActionFacade
instanceKlass com/android/build/gradle/internal/profile/WorkerProfilingRecord
instanceKlass com/android/build/gradle/internal/tasks/Workers$ActionParameters
instanceKlass com/android/ide/common/workers/WorkerExecutorFacade$Configuration
instanceKlass com/android/build/gradle/internal/scope/SplitList$WhenMappings
instanceKlass com/android/build/gradle/internal/res/LinkApplicationAndroidResourcesTask$AaptSplitInvokerParams
instanceKlass com/android/build/gradle/internal/res/LinkApplicationAndroidResourcesTask$AaptSplitInvoker
instanceKlass com/android/build/gradle/internal/res/LinkApplicationAndroidResourcesTask$chooseOutput$nonDensity$1
instanceKlass com/android/build/gradle/internal/res/LinkApplicationAndroidResourcesTask$WhenMappings
instanceKlass com/android/build/gradle/internal/res/namespaced/RegisteredAaptService
instanceKlass com/android/build/gradle/internal/res/namespaced/Aapt2DaemonManagerMaintainer
instanceKlass com/android/builder/internal/aapt/v2/Aapt2DaemonManager$Listener
instanceKlass com/android/builder/internal/aapt/v2/Aapt2DaemonManager
instanceKlass com/android/build/gradle/internal/res/namespaced/Aapt2ServiceKey
instanceKlass com/android/builder/internal/aapt/v2/Aapt2DaemonTimeouts
instanceKlass com/android/build/gradle/internal/res/namespaced/Aapt2DaemonManagerService
instanceKlass com/android/utils/PathUtils
instanceKlass com/android/build/gradle/tasks/MergeResources$$Lambda$415
instanceKlass sun/nio/cs/UTF_8$1
instanceKlass com/android/build/gradle/internal/pipeline/TransformTask$$Lambda$414
instanceKlass com/android/build/gradle/internal/tasks/MergeNativeLibsTaskKt$sam$org_gradle_api_specs_Spec$0
instanceKlass com/android/build/gradle/internal/tasks/MergeNativeLibsTaskKt
instanceKlass com/android/build/gradle/tasks/MergeResources$CreationAction$$Lambda$413
instanceKlass com/android/build/gradle/internal/scope/SplitList$SplitAction
instanceKlass com/android/build/gradle/internal/api/DefaultAndroidSourceDirectorySet$getSourceDirectoryTrees$1
instanceKlass org/gradle/api/internal/artifacts/ivyservice/resolveengine/artifact/BuildDependenciesOnlyVisitedArtifactSet$BuildDependenciesOnlySelectedArtifactSet
instanceKlass org/gradle/api/internal/artifacts/transform/AttributeMatchingVariantSelector$$Lambda$412
instanceKlass org/gradle/api/internal/artifacts/transform/AttributeMatchingVariantSelector$$Lambda$411
instanceKlass org/gradle/api/internal/tasks/properties/bean/NestedRuntimeBeanNode$ImplementationPropertyValue
instanceKlass org/gradle/platform/base/internal/toolchain/ToolProvider
instanceKlass org/gradle/api/internal/tasks/AbstractJavaToolChain
instanceKlass org/gradle/api/internal/tasks/compile/DefaultJavaCompilerFactory
instanceKlass org/gradle/cache/internal/SplitFileContentCacheFactory$SplitFileContentCache
instanceKlass org/gradle/cache/internal/DefaultFileContentCacheFactory$DefaultFileContentCache
instanceKlass org/gradle/api/internal/tasks/compile/processing/AnnotationProcessorDeclarationSerializer
instanceKlass org/gradle/api/internal/tasks/compile/processing/AnnotationProcessorDetector$ProcessorServiceLocator
instanceKlass org/gradle/cache/internal/SplitFileContentCacheFactory
instanceKlass org/gradle/cache/internal/FileContentCache
instanceKlass org/gradle/cache/internal/DefaultFileContentCacheFactory
instanceKlass org/gradle/api/internal/tasks/compile/JavaHomeBasedJavaCompilerFactory$SystemJavaCompilerFactory
instanceKlass org/gradle/api/internal/tasks/compile/JavaHomeBasedJavaCompilerFactory$CurrentJvmJavaHomeFactory
instanceKlass org/gradle/api/internal/tasks/compile/JavaHomeBasedJavaCompilerFactory
instanceKlass org/gradle/jvm/platform/internal/DefaultJavaPlatform
instanceKlass com/android/build/gradle/tasks/PackageAndroidArtifact$CreationAction$$Lambda$410
instanceKlass com/android/build/gradle/tasks/PackageAndroidArtifact$CreationAction$$Lambda$409
instanceKlass com/android/build/gradle/tasks/PackageAndroidArtifact$CreationAction$$Lambda$408
instanceKlass com/android/build/gradle/internal/variant/ApplicationVariantFactory$$Lambda$407
instanceKlass com/android/ide/common/build/SplitOutputMatcher$$Lambda$406
instanceKlass com/android/ide/common/build/SplitOutputMatcher
instanceKlass org/gradle/util/GradleVersion
instanceKlass com/google/common/base/Preconditions
instanceKlass com/google/common/collect/ImmutableSet$SetBuilderImpl
instanceKlass com/google/common/collect/ImmutableSet$SerializedForm
instanceKlass com/android/tools/idea/gradle/run/OutputBuildAction$PostBuildProjectModels
instanceKlass org/gradle/tooling/model/Model
instanceKlass com/android/tools/idea/gradle/run/OutputBuildAction
instanceKlass org/gradle/tooling/internal/consumer/versioning/VersionDetails
instanceKlass org/gradle/tooling/BuildAction
instanceKlass org/gradle/tooling/BuildController
instanceKlass org/gradle/tooling/internal/consumer/connection/InternalBuildControllerAdapter
instanceKlass org/gradle/tooling/internal/adapter/TargetTypeProvider
instanceKlass org/gradle/tooling/internal/consumer/connection/InternalBuildActionAdapter
instanceKlass com/google/protobuf/ByteString$CodedBuilder
instanceKlass com/google/protobuf/Utf8$Processor
instanceKlass com/google/protobuf/Utf8
instanceKlass com/google/protobuf/WireFormat
instanceKlass com/google/protobuf/UnsafeUtil$1
instanceKlass com/google/protobuf/UnsafeUtil$MemoryAccessor
instanceKlass com/google/protobuf/UnsafeUtil
instanceKlass com/google/protobuf/ByteOutput
instanceKlass com/google/wireless/android/play/playlog/proto/ClientAnalytics$LogEventKeyValuesOrBuilder
instanceKlass com/google/protobuf/ByteString$ArraysByteArrayCopier
instanceKlass com/google/protobuf/ByteString$ByteIterator
instanceKlass com/google/protobuf/ByteString$ByteArrayCopier
instanceKlass com/google/protobuf/ByteString
instanceKlass com/google/protobuf/SmallSortedMap$EmptySet$2
instanceKlass com/google/protobuf/SmallSortedMap$EmptySet$1
instanceKlass com/google/protobuf/SmallSortedMap$EmptySet
instanceKlass com/google/protobuf/LazyFieldLite
instanceKlass com/google/protobuf/FieldSet
instanceKlass com/google/wireless/android/play/playlog/proto/ClientAnalytics$AppUsage1pLogEventOrBuilder
instanceKlass com/google/wireless/android/play/playlog/proto/ClientAnalytics$ExperimentIdsOrBuilder
instanceKlass com/google/wireless/android/play/playlog/proto/ClientAnalytics$ActiveExperimentsOrBuilder
instanceKlass com/google/wireless/android/play/playlog/proto/ClientAnalytics$NetworkConnectionInfoOrBuilder
instanceKlass com/google/wireless/android/play/playlog/proto/ClientAnalytics$LogEventOrBuilder
instanceKlass com/google/protobuf/GeneratedMessageV3$ExtendableMessageOrBuilder
instanceKlass com/google/wireless/android/sdk/stats/AndroidStudioEvent$EventKind$1
instanceKlass com/google/wireless/android/sdk/stats/AndroidStudioEvent$EventCategory$1
instanceKlass com/google/wireless/android/sdk/stats/GradleSyncIssueOrBuilder
instanceKlass com/google/wireless/android/sdk/stats/IntellijProjectSizeStatsOrBuilder
instanceKlass com/google/wireless/android/sdk/stats/AndroidStudioEvent$1
instanceKlass com/google/wireless/android/sdk/stats/NavEditorEventOrBuilder
instanceKlass com/google/wireless/android/sdk/stats/TypingLatencyStatsOrBuilder
instanceKlass com/google/wireless/android/sdk/stats/RunEventOrBuilder
instanceKlass com/google/wireless/android/sdk/stats/DataBindingEventOrBuilder
instanceKlass com/google/wireless/android/sdk/stats/LintSessionOrBuilder
instanceKlass com/google/wireless/android/sdk/stats/JniInspectionEventOrBuilder
instanceKlass com/google/wireless/android/sdk/stats/IdePluginInfoOrBuilder
instanceKlass com/google/wireless/android/sdk/stats/CMakeEditingEventOrBuilder
instanceKlass com/google/wireless/android/sdk/stats/StudioRunEventOrBuilder
instanceKlass com/google/wireless/android/sdk/stats/LintActionOrBuilder
instanceKlass com/google/wireless/android/sdk/stats/CppHeadersViewEventOrBuilder
instanceKlass com/google/wireless/android/sdk/stats/PSDEventOrBuilder
instanceKlass com/google/wireless/android/sdk/stats/DialogStatsOrBuilder
instanceKlass com/google/wireless/android/sdk/stats/MemorySettingsEventOrBuilder
instanceKlass com/google/wireless/android/sdk/stats/UserSentimentOrBuilder
instanceKlass com/google/wireless/android/sdk/stats/ResourceManagerEventOrBuilder
instanceKlass com/google/wireless/android/sdk/stats/StudioProjectChangeOrBuilder
instanceKlass com/google/wireless/android/sdk/stats/LayoutEditorEventOrBuilder
instanceKlass com/google/wireless/android/sdk/stats/LldbPerformanceStatsOrBuilder
instanceKlass com/google/wireless/android/sdk/stats/GfxTracingDetailsOrBuilder
instanceKlass com/google/wireless/android/sdk/stats/OomDialogEventOrBuilder
instanceKlass com/google/wireless/android/sdk/stats/LayoutInspectorEventOrBuilder
instanceKlass com/google/wireless/android/sdk/stats/ApkDebugProjectOrBuilder
instanceKlass com/google/wireless/android/sdk/stats/MachineDetailsOrBuilder
instanceKlass com/google/wireless/android/sdk/stats/KotlinSupportOrBuilder
instanceKlass com/google/wireless/android/sdk/stats/GradleSyncStatsOrBuilder
instanceKlass com/google/wireless/android/sdk/stats/ApkAnalyzerStatsOrBuilder
instanceKlass com/google/wireless/android/sdk/stats/AndroidProfilerEventOrBuilder
instanceKlass com/google/wireless/android/sdk/stats/LLDBFrontendDetailsOrBuilder
instanceKlass com/google/wireless/android/sdk/stats/FirebaseErrorDetailsOrBuilder
instanceKlass com/google/wireless/android/sdk/stats/UIActionStatsOrBuilder
instanceKlass com/google/wireless/android/sdk/stats/TestRecorderDetailsOrBuilder
instanceKlass com/google/wireless/android/sdk/stats/AdbAssistantStatsOrBuilder
instanceKlass com/google/wireless/android/sdk/stats/JvmDetailsOrBuilder
instanceKlass com/google/wireless/android/sdk/stats/ProductDetailsOrBuilder
instanceKlass com/google/wireless/android/sdk/stats/StudioCrashOrBuilder
instanceKlass com/google/wireless/android/sdk/stats/HypervisorOrBuilder
instanceKlass com/google/wireless/android/sdk/stats/EmulatorHostOrBuilder
instanceKlass com/google/wireless/android/sdk/stats/EmulatorUiEventOrBuilder
instanceKlass com/google/wireless/android/sdk/stats/TestRunOrBuilder
instanceKlass com/google/wireless/android/sdk/stats/EmulatorDetailsOrBuilder
instanceKlass com/google/wireless/android/sdk/stats/InstantRunOrBuilder
instanceKlass com/google/wireless/android/sdk/stats/MetaMetricsOrBuilder
instanceKlass com/google/wireless/android/sdk/stats/DeviceInfoOrBuilder
instanceKlass com/google/wireless/android/sdk/stats/GradleBuildDetailsOrBuilder
instanceKlass com/google/wireless/android/sdk/stats/MotionLayoutEditorEventOrBuilder
instanceKlass com/google/wireless/android/sdk/stats/DefaultActivityLocatorStatsOrBuilder
instanceKlass com/google/wireless/android/sdk/stats/WhatsNewAssistantEventOrBuilder
instanceKlass com/google/wireless/android/sdk/stats/GradlePluginUpgradeDialogStatsOrBuilder
instanceKlass com/google/wireless/android/sdk/stats/GradlePluginDslUsageStatsOrBuilder
instanceKlass com/google/wireless/android/sdk/stats/StudioPatchUpdaterEventOrBuilder
instanceKlass com/google/wireless/android/sdk/stats/IntellijIndexingStatsOrBuilder
instanceKlass com/google/wireless/android/sdk/stats/LldbSessionEndDetailsOrBuilder
instanceKlass com/google/wireless/android/sdk/stats/AndroidProfilerDbStatsOrBuilder
instanceKlass com/google/wireless/android/sdk/stats/BuildOutputWindowStatsOrBuilder
instanceKlass com/google/wireless/android/sdk/stats/StudioUpdateFlowEventOrBuilder
instanceKlass com/google/wireless/android/sdk/stats/AppLinksAssistantEventOrBuilder
instanceKlass com/google/wireless/android/sdk/stats/EditorHighlightingStatsOrBuilder
instanceKlass com/google/wireless/android/sdk/stats/FirebaseContextDetailsOrBuilder
instanceKlass com/google/wireless/android/sdk/stats/StudioPerformanceStatsOrBuilder
instanceKlass com/google/wireless/android/sdk/stats/LldbSessionStartDetailsOrBuilder
instanceKlass com/google/wireless/android/sdk/stats/WhatsNewAssistantUpdateEventOrBuilder
instanceKlass com/google/wireless/android/sdk/stats/WindowsDefenderStatusOrBuilder
instanceKlass com/google/wireless/android/sdk/stats/ConnectionAssistantEventOrBuilder
instanceKlass com/google/wireless/android/sdk/stats/StudioToolWindowActionStatsOrBuilder
instanceKlass com/google/wireless/android/sdk/stats/EmulatorPerformanceStatsOrBuilder
instanceKlass com/google/wireless/android/sdk/stats/AndroidStudioEventOrBuilder
instanceKlass org/gradle/internal/remote/internal/inet/SocketConnection$1
instanceKlass org/gradle/internal/work/DefaultWorkerLeaseService$1
instanceKlass org/gradle/tooling/internal/provider/SessionScopeBuildActionExecuter$1
instanceKlass org/gradle/cache/internal/DefaultCleanupProgressMonitor
instanceKlass org/gradle/cache/internal/VersionSpecificCacheCleanupAction
instanceKlass com/google/common/cache/LocalCache$WriteThroughEntry
instanceKlass org/gradle/workers/internal/WorkerDaemonClientsManager$StopSessionScopedWorkers$1
instanceKlass com/google/common/cache/LocalCache$HashIterator
instanceKlass org/gradle/execution/PassThruCancellableOperationManager
instanceKlass com/android/builder/profile/ProcessProfileWriterFactory$$Lambda$405
instanceKlass com/sun/jmx/mbeanserver/Repository$ObjectNamePattern
instanceKlass org/gradle/cache/internal/DefaultMultiProcessSafePersistentIndexedCache$4
instanceKlass org/apache/tools/ant/IntrospectionHelper$AttributeSetter
instanceKlass org/apache/tools/ant/IntrospectionHelper$NestedCreator
instanceKlass org/apache/tools/ant/IntrospectionHelper
instanceKlass org/gradle/launcher/exec/BuildActionResult
instanceKlass org/gradle/api/internal/tasks/execution/statistics/TaskExecutionStatistics
instanceKlass org/gradle/internal/buildevents/TaskExecutionStatisticsReporter
instanceKlass org/gradle/internal/logging/text/AbstractStyledTextOutput$StyleOverrideTextOutput
instanceKlass com/android/dx/rop/type/Type
instanceKlass com/android/dx/rop/cst/Constant
instanceKlass com/android/dx/rop/code/RegisterSpec
instanceKlass com/android/dx/rop/type/TypeBearer
instanceKlass com/android/dx/util/ToHuman
instanceKlass com/android/dx/rop/type/Prototype
instanceKlass com/android/dx/cf/direct/AttributeFactory
instanceKlass com/android/dx/cf/direct/ClassPathOpener$FileNameFilter
instanceKlass com/android/dx/cf/direct/ClassPathOpener$Consumer
instanceKlass com/android/dx/command/dexer/Main
instanceKlass com/android/build/gradle/internal/workeractions/WorkerActionServiceRegistry$Companion
instanceKlass com/android/build/gradle/internal/workeractions/WorkerActionServiceRegistry
instanceKlass com/android/build/gradle/BasePlugin$1$$Lambda$404
instanceKlass com/android/sdklib/repository/legacy/remote/internal/DownloadCache
instanceKlass com/android/build/gradle/internal/SdkLibDataFactory$getSettingsController$1
instanceKlass com/android/repository/api/SettingsController
instanceKlass com/android/repository/io/impl/FileSystemFileOp
instanceKlass com/android/repository/io/FileOpUtils
instanceKlass com/android/sdklib/repository/legacy/LegacyDownloader
instanceKlass com/android/repository/impl/downloader/LocalFileAwareDownloader
instanceKlass com/android/repository/api/Downloader
instanceKlass com/android/build/gradle/internal/SdkLibDataFactory
instanceKlass com/android/builder/sdk/SdkLibData
instanceKlass com/android/build/gradle/internal/SdkHandler
instanceKlass com/android/build/gradle/internal/BuildSessionImpl$$Lambda$403
instanceKlass java/util/concurrent/ConcurrentLinkedQueue$Itr
instanceKlass com/google/common/cache/LocalCache$WriteThroughEntry
instanceKlass com/google/common/cache/LocalCache$HashIterator
instanceKlass org/gradle/execution/taskgraph/DefaultTaskExecutionGraph$2
instanceKlass org/gradle/execution/plan/DefaultPlanExecutor$1
instanceKlass org/gradle/internal/snapshot/impl/AbstractMapSnapshot
instanceKlass com/google/common/collect/ImmutableList$SerializedForm
instanceKlass org/gradle/internal/execution/steps/SkipUpToDateStep$2
instanceKlass org/gradle/internal/execution/history/impl/DefaultOutputFilesRepository$1
instanceKlass com/google/common/collect/Maps$13
instanceKlass com/google/common/collect/Maps$9
instanceKlass org/gradle/internal/execution/history/impl/DefaultExecutionHistoryStore$$Lambda$402
instanceKlass org/gradle/internal/execution/steps/StoreSnapshotsStep$$Lambda$401
instanceKlass java/lang/invoke/LambdaForm$DMH
instanceKlass org/gradle/internal/execution/steps/SnapshotOutputsStep$1
instanceKlass org/gradle/api/internal/tasks/execution/ExecuteActionsTaskExecuter$TaskExecution$1
instanceKlass org/gradle/internal/execution/steps/ExecuteStep$1
instanceKlass org/gradle/internal/execution/steps/ExecuteStep$$Lambda$400
instanceKlass org/gradle/internal/execution/steps/ExecuteStep$2
instanceKlass java/util/Collections$ReverseComparator2
instanceKlass com/google/common/io/Closer$SuppressingSuppressor
instanceKlass com/google/common/io/Closer$Suppressor
instanceKlass com/google/common/io/Closer
instanceKlass com/google/common/io/CharSink
instanceKlass com/android/build/gradle/internal/tasks/manifest/ManifestHelperKt$WhenMappings
instanceKlass com/google/common/io/CharStreams
instanceKlass com/google/common/io/LineBuffer
instanceKlass com/google/common/io/LineReader
instanceKlass com/google/common/collect/ImmutableMultimap$Builder
instanceKlass com/android/ide/common/xml/XmlAttributeSortOrder$3
instanceKlass com/android/ide/common/xml/XmlPrettyPrinter
instanceKlass com/android/ide/common/xml/XmlAttributeSortOrder$2
instanceKlass com/android/ide/common/xml/XmlAttributeSortOrder$1
instanceKlass com/android/ide/common/xml/XmlFormatPreferences
instanceKlass com/android/manifmerger/ToolsInstructionsCleaner
instanceKlass com/android/manifmerger/PostValidator$1
instanceKlass com/android/manifmerger/Actions
instanceKlass com/android/manifmerger/PostValidator
instanceKlass com/android/manifmerger/ElementsTrimmer
instanceKlass com/android/manifmerger/NavGraphExpander
instanceKlass com/android/manifmerger/XmlElement$1
instanceKlass com/android/manifmerger/PreValidator
instanceKlass com/sun/org/apache/xerces/internal/dom/DeepNodeListImpl
instanceKlass java/util/AbstractList$1
instanceKlass com/android/manifmerger/ActionRecorder$$Lambda$399
instanceKlass com/android/manifmerger/ConvertibleName
instanceKlass com/android/manifmerger/Actions$Record
instanceKlass com/android/manifmerger/ActionRecorder$$Lambda$398
instanceKlass com/android/manifmerger/Actions$DecisionTreeRecord
instanceKlass com/android/manifmerger/XmlNode$Name
instanceKlass com/android/manifmerger/AttributeModel$Hexadecimal32Bits
instanceKlass com/android/manifmerger/ManifestModel$TwoAttributesBasedKeyResolver
instanceKlass com/android/manifmerger/AttributeModel$SeparatedValuesValidator
instanceKlass com/android/manifmerger/IntentFilterNodeKeyResolver
instanceKlass com/android/manifmerger/ManifestModel$NodeTypes$1
instanceKlass com/android/manifmerger/XmlNode$NamespaceAwareName
instanceKlass com/android/manifmerger/AttributeModel$3
instanceKlass com/android/manifmerger/AttributeModel$2
instanceKlass com/android/manifmerger/AttributeModel$1
instanceKlass com/android/manifmerger/AttributeModel
instanceKlass com/android/manifmerger/AttributeModel$Builder
instanceKlass com/android/manifmerger/AttributeModel$MergingPolicy
instanceKlass com/android/utils/SdkUtils
instanceKlass com/android/manifmerger/XmlNode$$Lambda$397
instanceKlass com/android/manifmerger/XmlNode$NodeKey
instanceKlass com/android/manifmerger/XmlNode$$Lambda$396
instanceKlass com/android/manifmerger/XmlNode$NodeName
instanceKlass com/android/manifmerger/XmlNode
instanceKlass com/android/manifmerger/XmlDocument
instanceKlass com/android/utils/PositionXmlParser$Position
instanceKlass com/sun/org/apache/xerces/internal/util/EntityResolver2Wrapper
instanceKlass com/sun/org/apache/xerces/internal/dom/ParentNode$UserDataRecord
instanceKlass org/xml/sax/ext/DeclHandler
instanceKlass org/xml/sax/ext/LexicalHandler
instanceKlass com/android/utils/PositionXmlParser
instanceKlass com/android/manifmerger/XmlLoader
instanceKlass com/android/manifmerger/ManifestMerger2$SelectorResolver
instanceKlass com/android/manifmerger/ActionRecorder
instanceKlass com/android/manifmerger/MergingReport$Builder
instanceKlass com/android/manifmerger/AttributeModel$BooleanValidator
instanceKlass com/android/manifmerger/AttributeModel$Validator
instanceKlass com/android/manifmerger/ManifestModel$1
instanceKlass com/android/manifmerger/ManifestModel$NoKeyNodeResolver
instanceKlass com/android/manifmerger/ManifestModel$AttributeBasedNodeKeyResolver
instanceKlass com/android/manifmerger/NodeKeyResolver
instanceKlass com/android/manifmerger/ManifestModel
instanceKlass com/android/manifmerger/ManifestMerger2$MapBasedKeyBasedValueResolver
instanceKlass com/android/manifmerger/ManifestMerger2$FileStreamProvider
instanceKlass com/android/manifmerger/ManifestMerger2$AutoAddingProperty
instanceKlass com/android/manifmerger/ManifestMerger2$Invoker
instanceKlass com/android/manifmerger/PlaceholderHandler$KeyBasedValueResolver
instanceKlass com/android/manifmerger/ManifestMerger2$ManifestInfo
instanceKlass com/android/manifmerger/KeyResolver
instanceKlass com/android/manifmerger/DocumentModel
instanceKlass com/android/manifmerger/ManifestMerger2
instanceKlass com/android/build/gradle/internal/tasks/manifest/ManifestHelperKt
instanceKlass com/android/build/gradle/tasks/ProcessApplicationManifest$CreationAction$ManifestProviderImpl
instanceKlass com/android/manifmerger/ManifestProvider
instanceKlass com/google/common/collect/LinkedListMultimap$DistinctKeyIterator
instanceKlass com/google/common/collect/Multimaps$AsMap$EntrySet$1
instanceKlass com/android/ide/common/resources/NoOpResourcePreprocessor
instanceKlass com/android/ide/common/resources/PatternBasedFileFilter
instanceKlass com/android/ide/common/resources/DataSet$$Lambda$395
instanceKlass com/android/ide/common/rendering/api/ResourceNamespace
instanceKlass com/android/ide/common/resources/DataFile
instanceKlass com/google/gson/internal/$Gson$Types$WildcardTypeImpl
instanceKlass com/android/build/gradle/internal/api/artifact/BuildableArtifactUtil
instanceKlass javax/management/MBeanServerInvocationHandler
instanceKlass com/android/ide/common/workers/GradlePluginMBeans
instanceKlass com/android/build/gradle/internal/tasks/Blocks
instanceKlass com/android/build/gradle/internal/tasks/IncrementalTask$taskAction$$inlined$recordTaskAction$1
instanceKlass com/android/build/gradle/internal/tasks/Blocks$ThrowingBlockWithReturn
instanceKlass org/gradle/internal/execution/history/changes/NonIncrementalInputChanges$$Lambda$394
